This is XeTeX, Version 3.14159265-2.6-0.999992 (TeX Live 2020/Debian) (preloaded format=xelatex 2020.8.11)  18 AUG 2020 14:07
entering extended mode
 restricted \write18 enabled.
 %&-line parsing enabled.
**score.tex
(./score.tex
LaTeX2e <2020-02-02> patch level 5
L3 programming layer <2020-06-18>
(/usr/share/texlive/texmf-dist/tex/latex/base/article.cls
Document Class: article 2019/12/20 v1.4l Standard LaTeX document class
(/usr/share/texlive/texmf-dist/tex/latex/base/size10.clo
File: size10.clo 2019/12/20 v1.4l Standard LaTeX file (size option)
)
\c@part=\count163
\c@section=\count164
\c@subsection=\count165
\c@subsubsection=\count166
\c@paragraph=\count167
\c@subparagraph=\count168
\c@figure=\count169
\c@table=\count170
\abovecaptionskip=\skip47
\belowcaptionskip=\skip48
\bibindent=\dimen134
)
(/usr/share/texlive/texmf-dist/tex/latex/geometry/geometry.sty
Package: geometry 2020/01/02 v5.9 Page Geometry

(/usr/share/texlive/texmf-dist/tex/latex/graphics/keyval.sty
Package: keyval 2014/10/28 v1.15 key=value parser (DPC)
\KV@toks@=\toks15
)
(/usr/share/texlive/texmf-dist/tex/generic/iftex/ifvtex.sty
Package: ifvtex 2019/10/25 v1.7 ifvtex legacy package. Use iftex instead.

(/usr/share/texlive/texmf-dist/tex/generic/iftex/iftex.sty
Package: iftex 2020/03/06 v1.0d TeX engine tests
))
\Gm@cnth=\count171
\Gm@cntv=\count172
\c@Gm@tempcnt=\count173
\Gm@bindingoffset=\dimen135
\Gm@wd@mp=\dimen136
\Gm@odd@mp=\dimen137
\Gm@even@mp=\dimen138
\Gm@layoutwidth=\dimen139
\Gm@layoutheight=\dimen140
\Gm@layouthoffset=\dimen141
\Gm@layoutvoffset=\dimen142
\Gm@dimlist=\toks16
)
(/usr/share/texlive/texmf-dist/tex/latex/pdfpages/pdfpages.sty
Package: pdfpages 2020/01/28 v0.5q Insert pages of external PDF documents (AM)

(/usr/share/texlive/texmf-dist/tex/latex/base/ifthen.sty
Package: ifthen 2014/09/29 v1.1c Standard LaTeX ifthen package (DPC)
)
(/usr/share/texlive/texmf-dist/tex/latex/tools/calc.sty
Package: calc 2017/05/25 v4.3 Infix arithmetic (KKT,FJ)
\calc@Acount=\count174
\calc@Bcount=\count175
\calc@Adimen=\dimen143
\calc@Bdimen=\dimen144
\calc@Askip=\skip49
\calc@Bskip=\skip50
LaTeX Info: Redefining \setlength on input line 80.
LaTeX Info: Redefining \addtolength on input line 81.
\calc@Ccount=\count176
\calc@Cskip=\skip51
)
(/usr/share/texlive/texmf-dist/tex/latex/eso-pic/eso-pic.sty
Package: eso-pic 2018/04/12 v2.0h eso-pic (RN)

(/usr/share/texlive/texmf-dist/tex/generic/atbegshi/atbegshi.sty
Package: atbegshi 2019/12/05 v1.19 At begin shipout hook (HO)

(/usr/share/texlive/texmf-dist/tex/generic/infwarerr/infwarerr.sty
Package: infwarerr 2019/12/03 v1.5 Providing info/warning/error messages (HO)
)
(/usr/share/texlive/texmf-dist/tex/generic/ltxcmds/ltxcmds.sty
Package: ltxcmds 2019/12/15 v1.24 LaTeX kernel commands for general use (HO)
))
(/usr/share/texlive/texmf-dist/tex/latex/xcolor/xcolor.sty
Package: xcolor 2016/05/11 v2.12 LaTeX color extensions (UK)

(/usr/share/texlive/texmf-dist/tex/latex/graphics-cfg/color.cfg
File: color.cfg 2016/01/02 v1.6 sample color configuration
)
Package xcolor Info: Driver file: xetex.def on input line 225.

(/usr/share/texlive/texmf-dist/tex/latex/graphics-def/xetex.def
File: xetex.def 2017/06/24 v5.0h Graphics/color driver for xetex
)
Package xcolor Info: Model `cmy' substituted by `cmy0' on input line 1348.
Package xcolor Info: Model `RGB' extended on input line 1364.
Package xcolor Info: Model `HTML' substituted by `rgb' on input line 1366.
Package xcolor Info: Model `Hsb' substituted by `hsb' on input line 1367.
Package xcolor Info: Model `tHsb' substituted by `hsb' on input line 1368.
Package xcolor Info: Model `HSB' substituted by `hsb' on input line 1369.
Package xcolor Info: Model `Gray' substituted by `gray' on input line 1370.
Package xcolor Info: Model `wave' substituted by `hsb' on input line 1371.
))
(/usr/share/texlive/texmf-dist/tex/latex/graphics/graphicx.sty
Package: graphicx 2019/11/30 v1.2a Enhanced LaTeX Graphics (DPC,SPQR)

(/usr/share/texlive/texmf-dist/tex/latex/graphics/graphics.sty
Package: graphics 2019/11/30 v1.4a Standard LaTeX Graphics (DPC,SPQR)

(/usr/share/texlive/texmf-dist/tex/latex/graphics/trig.sty
Package: trig 2016/01/03 v1.10 sin cos tan (DPC)
)
(/usr/share/texlive/texmf-dist/tex/latex/graphics-cfg/graphics.cfg
File: graphics.cfg 2016/06/04 v1.11 sample graphics configuration
)
Package graphics Info: Driver file: xetex.def on input line 105.
)
\Gin@req@height=\dimen145
\Gin@req@width=\dimen146
)
\AM@pagewidth=\dimen147
\AM@pageheight=\dimen148

(/usr/share/texlive/texmf-dist/tex/latex/pdfpages/ppxetex.def
File: ppxetex.def 2020/01/28 v0.5q Pdfpages driver for XeTeX (AM)
)
\AM@pagebox=\box45
\AM@global@opts=\toks17
\AM@pagecnt=\count177
\AM@toc@title=\toks18
\c@AM@survey=\count178
\AM@templatesizebox=\box46
)
(/usr/share/texlive/texmf-dist/tex/latex/l3backend/l3backend-xdvipdfmx.def
File: l3backend-xdvipdfmx.def 2020-06-23 L3 backend support: xdvipdfmx
\g__graphics_track_int=\count179
\l__pdf_internal_box=\box47
\g__pdf_backend_object_int=\count180
\g__pdf_backend_annotation_int=\count181
)
(./score.aux)
\openout1 = `score.aux'.

LaTeX Font Info:    Checking defaults for OML/cmm/m/it on input line 4.
LaTeX Font Info:    ... okay on input line 4.
LaTeX Font Info:    Checking defaults for OMS/cmsy/m/n on input line 4.
LaTeX Font Info:    ... okay on input line 4.
LaTeX Font Info:    Checking defaults for OT1/cmr/m/n on input line 4.
LaTeX Font Info:    ... okay on input line 4.
LaTeX Font Info:    Checking defaults for T1/cmr/m/n on input line 4.
LaTeX Font Info:    ... okay on input line 4.
LaTeX Font Info:    Checking defaults for TS1/cmr/m/n on input line 4.
LaTeX Font Info:    Trying to load font information for TS1+cmr on input line 4
.
 (/usr/share/texlive/texmf-dist/tex/latex/base/ts1cmr.fd
File: ts1cmr.fd 2019/12/16 v2.5j Standard LaTeX font definitions
)
LaTeX Font Info:    ... okay on input line 4.
LaTeX Font Info:    Checking defaults for TU/lmr/m/n on input line 4.
LaTeX Font Info:    ... okay on input line 4.
LaTeX Font Info:    Checking defaults for OMX/cmex/m/n on input line 4.
LaTeX Font Info:    ... okay on input line 4.
LaTeX Font Info:    Checking defaults for U/cmr/m/n on input line 4.
LaTeX Font Info:    ... okay on input line 4.

*geometry* driver: auto-detecting
*geometry* detected driver: xetex
*geometry* verbose mode - [ preamble ] result:
* driver: xetex
* paper: custom
* layout: <same size as paper>
* layoutoffset:(h,v)=(0.0pt,0.0pt)
* modes: 
* h-part:(L,W,R)=(92.14519pt, 430.00462pt, 92.14519pt)
* v-part:(T,H,B)=(95.39737pt, 556.47656pt, 143.09605pt)
* \paperwidth=614.295pt
* \paperheight=794.96999pt
* \textwidth=430.00462pt
* \textheight=556.47656pt
* \oddsidemargin=19.8752pt
* \evensidemargin=19.8752pt
* \topmargin=-13.87262pt
* \headheight=12.0pt
* \headsep=25.0pt
* \topskip=10.0pt
* \footskip=30.0pt
* \marginparwidth=65.0pt
* \marginparsep=11.0pt
* \columnsep=10.0pt
* \skip\footins=9.0pt plus 4.0pt minus 2.0pt
* \hoffset=0.0pt
* \voffset=0.0pt
* \mag=1000
* \@twocolumnfalse
* \@twosidefalse
* \@mparswitchfalse
* \@reversemarginfalse
* (1in=72.27pt=25.4mm, 1cm=28.453pt)

\AtBeginShipoutBox=\box48
(/usr/share/texlive/texmf-dist/tex/latex/pdflscape/pdflscape.sty
Package: pdflscape 2019/12/05 v0.12 Display of landscape pages in PDF (HO)

(/usr/share/texlive/texmf-dist/tex/latex/graphics/lscape.sty
Package: lscape 2000/10/22 v3.01 Landscape Pages (DPC)
)
Package pdflscape Info: Auto-detected driver: dvipdfm (xetex) on input line 98.

)
File: front-cover.pdf Graphic file (type pdf)
<use front-cover.pdf>
File: front-cover.pdf Graphic file (type pdf)
<use front-cover.pdf>
File: front-cover.pdf Graphic file (type pdf)
<use front-cover.pdf, page 1>
File: front-cover.pdf Graphic file (type pdf)
<use front-cover.pdf, page 1>
File: front-cover.pdf Graphic file (type pdf)
<use front-cover.pdf, page 1>
File: front-cover.pdf Graphic file (type pdf)
<use front-cover.pdf, page 1>
File: front-cover.pdf Graphic file (type pdf)
<use front-cover.pdf, page 1>
 [1

]
File: preface.pdf Graphic file (type pdf)
<use preface.pdf>
File: preface.pdf Graphic file (type pdf)
<use preface.pdf>
File: preface.pdf Graphic file (type pdf)
<use preface.pdf, page 1>
File: preface.pdf Graphic file (type pdf)
<use preface.pdf, page 1>
File: preface.pdf Graphic file (type pdf)
<use preface.pdf, page 1>
File: preface.pdf Graphic file (type pdf)
<use preface.pdf, page 1>
File: preface.pdf Graphic file (type pdf)
<use preface.pdf, page 1>
 [2]
File: music.pdf Graphic file (type pdf)
<use music.pdf>
File: music.pdf Graphic file (type pdf)
<use music.pdf>
File: music.pdf Graphic file (type pdf)
<use music.pdf, page 1>
File: music.pdf Graphic file (type pdf)
<use music.pdf, page 1>
File: music.pdf Graphic file (type pdf)
<use music.pdf, page 1>
File: music.pdf Graphic file (type pdf)
<use music.pdf, page 1>
File: music.pdf Graphic file (type pdf)
<use music.pdf, page 1>
 [3]
File: music.pdf Graphic file (type pdf)
<use music.pdf, page 2>
File: music.pdf Graphic file (type pdf)
<use music.pdf, page 2>
File: music.pdf Graphic file (type pdf)
<use music.pdf, page 2>

[4]
File: music.pdf Graphic file (type pdf)
<use music.pdf, page 3>
File: music.pdf Graphic file (type pdf)
<use music.pdf, page 3>
File: music.pdf Graphic file (type pdf)
<use music.pdf, page 3>
 [5]
File: music.pdf Graphic file (type pdf)
<use music.pdf, page 4>
File: music.pdf Graphic file (type pdf)
<use music.pdf, page 4>
File: music.pdf Graphic file (type pdf)
<use music.pdf, page 4>
 [6]
File: music.pdf Graphic file (type pdf)
<use music.pdf, page 5>
File: music.pdf Graphic file (type pdf)
<use music.pdf, page 5>
File: music.pdf Graphic file (type pdf)
<use music.pdf, page 5>
 [7]
File: music.pdf Graphic file (type pdf)
<use music.pdf, page 6>
File: music.pdf Graphic file (type pdf)
<use music.pdf, page 6>
File: music.pdf Graphic file (type pdf)
<use music.pdf, page 6>
 [8]
File: music.pdf Graphic file (type pdf)
<use music.pdf, page 7>
File: music.pdf Graphic file (type pdf)
<use music.pdf, page 7>
File: music.pdf Graphic file (type pdf)
<use music.pdf, page 7>
 [9]
File: back-cover.pdf Graphic file (type pdf)
<use back-cover.pdf>
File: back-cover.pdf Graphic file (type pdf)
<use back-cover.pdf>
File: back-cover.pdf Graphic file (type pdf)
<use back-cover.pdf, page 1>
File: back-cover.pdf Graphic file (type pdf)
<use back-cover.pdf, page 1>
File: back-cover.pdf Graphic file (type pdf)
<use back-cover.pdf, page 1>
File: back-cover.pdf Graphic file (type pdf)
<use back-cover.pdf, page 1>
File: back-cover.pdf Graphic file (type pdf)
<use back-cover.pdf, page 1>
 [10] (./score.aux) ) 
Here is how much of TeX's memory you used:
 2841 strings out of 479277
 42787 string characters out of 5882574
 295309 words of memory out of 5000000
 20498 multiletter control sequences out of 15000+600000
 532346 words of font info for 25 fonts, out of 8000000 for 9000
 1348 hyphenation exceptions out of 8191
 43i,20n,47p,252b,435s stack positions out of 5000i,500n,10000p,200000b,80000s

Output written on score.pdf (10 pages).
